# JRE version: OpenJDK Runtime Environment Temurin-17.0.7+7 (17.0.7+7) (build 17.0.7+7)
# Java VM: OpenJDK 64-Bit Server VM Temurin-17.0.7+7 (17.0.7+7, mixed mode, tiered, compressed oops, compressed class ptrs, parallel gc, windows-amd64)
GC Precious Log:
 CPUs: 8 total, 8 available
 Memory: 8056M
 Large Page Support: Disabled
 NUMA Support: Disabled
 Compressed Oops: Enabled (32-bit)
 Alignments: Space 512K, Generation 512K, Heap 2M
 Heap Min Capacity: 100M
 Heap Initial Capacity: 100M
 Heap Max Capacity: 1G
 Pre-touch: Disabled
 Parallel Workers: 8
Heap:
 PSYoungGen      total 4096K, used 1149K [0x00000000eab00000, 0x00000000eb000000, 0x0000000100000000)
  eden space 3072K, 5% used [0x00000000eab00000,0x00000000eab275a8,0x00000000eae00000)
  from space 1024K, 96% used [0x00000000eae00000,0x00000000eaef8010,0x00000000eaf00000)
  to   space 1024K, 0% used [0x00000000eaf00000,0x00000000eaf00000,0x00000000eb000000)
 ParOldGen       total 114688K, used 112211K [0x00000000c0000000, 0x00000000c7000000, 0x00000000eab00000)
  object space 114688K, 97% used [0x00000000c0000000,0x00000000c6d94fe8,0x00000000c7000000)
 Metaspace       used 82002K, committed 83072K, reserved 1179648K
  class space    used 8524K, committed 9024K, reserved 1048576K
GC Heap History (20 events):
Event: 355.166 GC heap before
{Heap before GC invocations=874 (full 20):
 PSYoungGen      total 2560K, used 2236K [0x00000000eab00000, 0x00000000eaf00000, 0x0000000100000000)
  eden space 1536K, 100% used [0x00000000eab00000,0x00000000eac80000,0x00000000eac80000)
  from space 1024K, 68% used [0x00000000ead80000,0x00000000eae2f2d0,0x00000000eae80000)
  to   space 1024K, 0% used [0x00000000eac80000,0x00000000eac80000,0x00000000ead80000)
 ParOldGen       total 114688K, used 102814K [0x00000000c0000000, 0x00000000c7000000, 0x00000000eab00000)
  object space 114688K, 89% used [0x00000000c0000000,0x00000000c6467840,0x00000000c7000000)
 Metaspace       used 81981K, committed 83072K, reserved 1179648K
  class space    used 8524K, committed 9024K, reserved 1048576K
}
Event: 355.168 GC heap after
{Heap after GC invocations=874 (full 20):
 PSYoungGen      total 2560K, used 649K [0x00000000eab00000, 0x00000000eaf00000, 0x0000000100000000)
  eden space 1536K, 0% used [0x00000000eab00000,0x00000000eab00000,0x00000000eac80000)
  from space 1024K, 63% used [0x00000000eac80000,0x00000000ead225a0,0x00000000ead80000)
  to   space 1024K, 0% used [0x00000000eae00000,0x00000000eae00000,0x00000000eaf00000)
 ParOldGen       total 114688K, used 103362K [0x00000000c0000000, 0x00000000c7000000, 0x00000000eab00000)
  object space 114688K, 90% used [0x00000000c0000000,0x00000000c64f0a68,0x00000000c7000000)
 Metaspace       used 81981K, committed 83072K, reserved 1179648K
  class space    used 8524K, committed 9024K, reserved 1048576K
}
Event: 355.178 GC heap before
{Heap before GC invocations=875 (full 20):
 PSYoungGen      total 2560K, used 2185K [0x00000000eab00000, 0x00000000eaf00000, 0x0000000100000000)
  eden space 1536K, 100% used [0x00000000eab00000,0x00000000eac80000,0x00000000eac80000)
  from space 1024K, 63% used [0x00000000eac80000,0x00000000ead225a0,0x00000000ead80000)
  to   space 1024K, 0% used [0x00000000eae00000,0x00000000eae00000,0x00000000eaf00000)
 ParOldGen       total 114688K, used 103362K [0x00000000c0000000, 0x00000000c7000000, 0x00000000eab00000)
  object space 114688K, 90% used [0x00000000c0000000,0x00000000c64f0a68,0x00000000c7000000)
 Metaspace       used 81981K, committed 83072K, reserved 1179648K
  class space    used 8524K, committed 9024K, reserved 1048576K
}
Event: 355.181 GC heap after
{Heap after GC invocations=875 (full 20):
 PSYoungGen      total 3072K, used 882K [0x00000000eab00000, 0x00000000eaf00000, 0x0000000100000000)
  eden space 2048K, 0% used [0x00000000eab00000,0x00000000eab00000,0x00000000ead00000)
  from space 1024K, 86% used [0x00000000eae00000,0x00000000eaedcb20,0x00000000eaf00000)
  to   space 1024K, 0% used [0x00000000ead00000,0x00000000ead00000,0x00000000eae00000)
 ParOldGen       total 114688K, used 103881K [0x00000000c0000000, 0x00000000c7000000, 0x00000000eab00000)
  object space 114688K, 90% used [0x00000000c0000000,0x00000000c6572498,0x00000000c7000000)
 Metaspace       used 81981K, committed 83072K, reserved 1179648K
  class space    used 8524K, committed 9024K, reserved 1048576K
}
Event: 355.203 GC heap before
{Heap before GC invocations=876 (full 20):
 PSYoungGen      total 3072K, used 2930K [0x00000000eab00000, 0x00000000eaf00000, 0x0000000100000000)
  eden space 2048K, 100% used [0x00000000eab00000,0x00000000ead00000,0x00000000ead00000)
  from space 1024K, 86% used [0x00000000eae00000,0x00000000eaedcb20,0x00000000eaf00000)
  to   space 1024K, 0% used [0x00000000ead00000,0x00000000ead00000,0x00000000eae00000)
 ParOldGen       total 114688K, used 103881K [0x00000000c0000000, 0x00000000c7000000, 0x00000000eab00000)
  object space 114688K, 90% used [0x00000000c0000000,0x00000000c6572498,0x00000000c7000000)
 Metaspace       used 81981K, committed 83072K, reserved 1179648K
  class space    used 8524K, committed 9024K, reserved 1048576K
}
Event: 355.207 GC heap after
{Heap after GC invocations=876 (full 20):
 PSYoungGen      total 3072K, used 832K [0x00000000eab00000, 0x00000000eaf80000, 0x0000000100000000)
  eden space 2048K, 0% used [0x00000000eab00000,0x00000000eab00000,0x00000000ead00000)
  from space 1024K, 81% used [0x00000000ead00000,0x00000000eadd0020,0x00000000eae00000)
  to   space 1024K, 0% used [0x00000000eae80000,0x00000000eae80000,0x00000000eaf80000)
 ParOldGen       total 114688K, used 104546K [0x00000000c0000000, 0x00000000c7000000, 0x00000000eab00000)
  object space 114688K, 91% used [0x00000000c0000000,0x00000000c6618a28,0x00000000c7000000)
 Metaspace       used 81981K, committed 83072K, reserved 1179648K
  class space    used 8524K, committed 9024K, reserved 1048576K
}
Event: 355.281 GC heap before
{Heap before GC invocations=877 (full 20):
 PSYoungGen      total 3072K, used 2880K [0x00000000eab00000, 0x00000000eaf80000, 0x0000000100000000)
  eden space 2048K, 100% used [0x00000000eab00000,0x00000000ead00000,0x00000000ead00000)
  from space 1024K, 81% used [0x00000000ead00000,0x00000000eadd0020,0x00000000eae00000)
  to   space 1024K, 0% used [0x00000000eae80000,0x00000000eae80000,0x00000000eaf80000)
 ParOldGen       total 114688K, used 104546K [0x00000000c0000000, 0x00000000c7000000, 0x00000000eab00000)
  object space 114688K, 91% used [0x00000000c0000000,0x00000000c6618a28,0x00000000c7000000)
 Metaspace       used 81983K, committed 83072K, reserved 1179648K
  class space    used 8524K, committed 9024K, reserved 1048576K
}
Event: 355.284 GC heap after
{Heap after GC invocations=877 (full 20):
 PSYoungGen      total 3072K, used 761K [0x00000000eab00000, 0x00000000eaf80000, 0x0000000100000000)
  eden space 2048K, 0% used [0x00000000eab00000,0x00000000eab00000,0x00000000ead00000)
  from space 1024K, 74% used [0x00000000eae80000,0x00000000eaf3e590,0x00000000eaf80000)
  to   space 1024K, 0% used [0x00000000ead00000,0x00000000ead00000,0x00000000eae00000)
 ParOldGen       total 114688K, used 105234K [0x00000000c0000000, 0x00000000c7000000, 0x00000000eab00000)
  object space 114688K, 91% used [0x00000000c0000000,0x00000000c66c4a48,0x00000000c7000000)
 Metaspace       used 81983K, committed 83072K, reserved 1179648K
  class space    used 8524K, committed 9024K, reserved 1048576K
}
Event: 355.317 GC heap before
{Heap before GC invocations=878 (full 20):
 PSYoungGen      total 3072K, used 2809K [0x00000000eab00000, 0x00000000eaf80000, 0x0000000100000000)
  eden space 2048K, 100% used [0x00000000eab00000,0x00000000ead00000,0x00000000ead00000)
  from space 1024K, 74% used [0x00000000eae80000,0x00000000eaf3e590,0x00000000eaf80000)
  to   space 1024K, 0% used [0x00000000ead00000,0x00000000ead00000,0x00000000eae00000)
 ParOldGen       total 114688K, used 105234K [0x00000000c0000000, 0x00000000c7000000, 0x00000000eab00000)
  object space 114688K, 91% used [0x00000000c0000000,0x00000000c66c4a48,0x00000000c7000000)
 Metaspace       used 81984K, committed 83072K, reserved 1179648K
  class space    used 8524K, committed 9024K, reserved 1048576K
}
Event: 355.319 GC heap after
{Heap after GC invocations=878 (full 20):
 PSYoungGen      total 3072K, used 675K [0x00000000eab00000, 0x00000000eaf00000, 0x0000000100000000)
  eden space 2048K, 0% used [0x00000000eab00000,0x00000000eab00000,0x00000000ead00000)
  from space 1024K, 65% used [0x00000000ead00000,0x00000000eada8f28,0x00000000eae00000)
  to   space 1024K, 0% used [0x00000000eae00000,0x00000000eae00000,0x00000000eaf00000)
 ParOldGen       total 114688K, used 105803K [0x00000000c0000000, 0x00000000c7000000, 0x00000000eab00000)
  object space 114688K, 92% used [0x00000000c0000000,0x00000000c6752fd8,0x00000000c7000000)
 Metaspace       used 81984K, committed 83072K, reserved 1179648K
  class space    used 8524K, committed 9024K, reserved 1048576K
}
Event: 355.389 GC heap before
{Heap before GC invocations=879 (full 20):
 PSYoungGen      total 3072K, used 2723K [0x00000000eab00000, 0x00000000eaf00000, 0x0000000100000000)
  eden space 2048K, 100% used [0x00000000eab00000,0x00000000ead00000,0x00000000ead00000)
  from space 1024K, 65% used [0x00000000ead00000,0x00000000eada8f28,0x00000000eae00000)
  to   space 1024K, 0% used [0x00000000eae00000,0x00000000eae00000,0x00000000eaf00000)
 ParOldGen       total 114688K, used 105803K [0x00000000c0000000, 0x00000000c7000000, 0x00000000eab00000)
  object space 114688K, 92% used [0x00000000c0000000,0x00000000c6752fd8,0x00000000c7000000)
 Metaspace       used 81985K, committed 83072K, reserved 1179648K
  class space    used 8524K, committed 9024K, reserved 1048576K
}
Event: 355.395 GC heap after
{Heap after GC invocations=879 (full 20):
 PSYoungGen      total 2048K, used 992K [0x00000000eab00000, 0x00000000eb100000, 0x0000000100000000)
  eden space 1024K, 0% used [0x00000000eab00000,0x00000000eab00000,0x00000000eac00000)
  from space 1024K, 96% used [0x00000000eae00000,0x00000000eaef8010,0x00000000eaf00000)
  to   space 2048K, 0% used [0x00000000eac00000,0x00000000eac00000,0x00000000eae00000)
 ParOldGen       total 114688K, used 106583K [0x00000000c0000000, 0x00000000c7000000, 0x00000000eab00000)
  object space 114688K, 92% used [0x00000000c0000000,0x00000000c6815f00,0x00000000c7000000)
 Metaspace       used 81985K, committed 83072K, reserved 1179648K
  class space    used 8524K, committed 9024K, reserved 1048576K
}
Event: 355.400 GC heap before
{Heap before GC invocations=880 (full 20):
 PSYoungGen      total 2048K, used 2014K [0x00000000eab00000, 0x00000000eb100000, 0x0000000100000000)
  eden space 1024K, 99% used [0x00000000eab00000,0x00000000eabffae8,0x00000000eac00000)
  from space 1024K, 96% used [0x00000000eae00000,0x00000000eaef8010,0x00000000eaf00000)
  to   space 2048K, 0% used [0x00000000eac00000,0x00000000eac00000,0x00000000eae00000)
 ParOldGen       total 114688K, used 106583K [0x00000000c0000000, 0x00000000c7000000, 0x00000000eab00000)
  object space 114688K, 92% used [0x00000000c0000000,0x00000000c6815f00,0x00000000c7000000)
 Metaspace       used 81985K, committed 83072K, reserved 1179648K
  class space    used 8524K, committed 9024K, reserved 1048576K
}
Event: 355.403 GC heap after
{Heap after GC invocations=880 (full 20):
 PSYoungGen      total 1536K, used 281K [0x00000000eab00000, 0x00000000eae80000, 0x0000000100000000)
  eden space 1024K, 0% used [0x00000000eab00000,0x00000000eab00000,0x00000000eac00000)
  from space 512K, 54% used [0x00000000eac00000,0x00000000eac46590,0x00000000eac80000)
  to   space 1024K, 0% used [0x00000000ead80000,0x00000000ead80000,0x00000000eae80000)
 ParOldGen       total 114688K, used 107659K [0x00000000c0000000, 0x00000000c7000000, 0x00000000eab00000)
  object space 114688K, 93% used [0x00000000c0000000,0x00000000c6922f28,0x00000000c7000000)
 Metaspace       used 81985K, committed 83072K, reserved 1179648K
  class space    used 8524K, committed 9024K, reserved 1048576K
}
Event: 355.407 GC heap before
{Heap before GC invocations=881 (full 20):
 PSYoungGen      total 1536K, used 1305K [0x00000000eab00000, 0x00000000eae80000, 0x0000000100000000)
  eden space 1024K, 100% used [0x00000000eab00000,0x00000000eac00000,0x00000000eac00000)
  from space 512K, 54% used [0x00000000eac00000,0x00000000eac46590,0x00000000eac80000)
  to   space 1024K, 0% used [0x00000000ead80000,0x00000000ead80000,0x00000000eae80000)
 ParOldGen       total 114688K, used 107659K [0x00000000c0000000, 0x00000000c7000000, 0x00000000eab00000)
  object space 114688K, 93% used [0x00000000c0000000,0x00000000c6922f28,0x00000000c7000000)
 Metaspace       used 81987K, committed 83072K, reserved 1179648K
  class space    used 8524K, committed 9024K, reserved 1048576K
}
Event: 355.409 GC heap after
{Heap after GC invocations=881 (full 20):
 PSYoungGen      total 2048K, used 370K [0x00000000eab00000, 0x00000000eae00000, 0x0000000100000000)
  eden space 1536K, 0% used [0x00000000eab00000,0x00000000eab00000,0x00000000eac80000)
  from space 512K, 72% used [0x00000000ead80000,0x00000000eaddcb20,0x00000000eae00000)
  to   space 512K, 0% used [0x00000000ead00000,0x00000000ead00000,0x00000000ead80000)
 ParOldGen       total 114688K, used 107723K [0x00000000c0000000, 0x00000000c7000000, 0x00000000eab00000)
  object space 114688K, 93% used [0x00000000c0000000,0x00000000c6932f28,0x00000000c7000000)
 Metaspace       used 81987K, committed 83072K, reserved 1179648K
  class space    used 8524K, committed 9024K, reserved 1048576K
}
Event: 355.417 GC heap before
{Heap before GC invocations=882 (full 20):
 PSYoungGen      total 2048K, used 1882K [0x00000000eab00000, 0x00000000eae00000, 0x0000000100000000)
  eden space 1536K, 98% used [0x00000000eab00000,0x00000000eac7a038,0x00000000eac80000)
  from space 512K, 72% used [0x00000000ead80000,0x00000000eaddcb20,0x00000000eae00000)
  to   space 512K, 0% used [0x00000000ead00000,0x00000000ead00000,0x00000000ead80000)
 ParOldGen       total 114688K, used 107723K [0x00000000c0000000, 0x00000000c7000000, 0x00000000eab00000)
  object space 114688K, 93% used [0x00000000c0000000,0x00000000c6932f28,0x00000000c7000000)
 Metaspace       used 81990K, committed 83072K, reserved 1179648K
  class space    used 8524K, committed 9024K, reserved 1048576K
}
Event: 355.419 GC heap after
{Heap after GC invocations=882 (full 20):
 PSYoungGen      total 2560K, used 505K [0x00000000eab00000, 0x00000000eaf00000, 0x0000000100000000)
  eden space 2048K, 0% used [0x00000000eab00000,0x00000000eab00000,0x00000000ead00000)
  from space 512K, 98% used [0x00000000ead00000,0x00000000ead7e598,0x00000000ead80000)
  to   space 1024K, 0% used [0x00000000eae00000,0x00000000eae00000,0x00000000eaf00000)
 ParOldGen       total 114688K, used 107965K [0x00000000c0000000, 0x00000000c7000000, 0x00000000eab00000)
  object space 114688K, 94% used [0x00000000c0000000,0x00000000c696f458,0x00000000c7000000)
 Metaspace       used 81990K, committed 83072K, reserved 1179648K
  class space    used 8524K, committed 9024K, reserved 1048576K
}
Event: 355.433 GC heap before
{Heap before GC invocations=883 (full 20):
 PSYoungGen      total 2560K, used 2553K [0x00000000eab00000, 0x00000000eaf00000, 0x0000000100000000)
  eden space 2048K, 100% used [0x00000000eab00000,0x00000000ead00000,0x00000000ead00000)
  from space 512K, 98% used [0x00000000ead00000,0x00000000ead7e598,0x00000000ead80000)
  to   space 1024K, 0% used [0x00000000eae00000,0x00000000eae00000,0x00000000eaf00000)
 ParOldGen       total 114688K, used 107965K [0x00000000c0000000, 0x00000000c7000000, 0x00000000eab00000)
  object space 114688K, 94% used [0x00000000c0000000,0x00000000c696f458,0x00000000c7000000)
 Metaspace       used 81995K, committed 83072K, reserved 1179648K
  class space    used 8524K, committed 9024K, reserved 1048576K
}
Event: 355.436 GC heap after
{Heap after GC invocations=883 (full 20):
 PSYoungGen      total 3072K, used 729K [0x00000000eab00000, 0x00000000eaf80000, 0x0000000100000000)
  eden space 2048K, 0% used [0x00000000eab00000,0x00000000eab00000,0x00000000ead00000)
  from space 1024K, 71% used [0x00000000eae00000,0x00000000eaeb6598,0x00000000eaf00000)
  to   space 1024K, 0% used [0x00000000ead00000,0x00000000ead00000,0x00000000eae00000)
 ParOldGen       total 114688K, used 108349K [0x00000000c0000000, 0x00000000c7000000, 0x00000000eab00000)
  object space 114688K, 94% used [0x00000000c0000000,0x00000000c69cf458,0x00000000c7000000)
 Metaspace       used 81995K, committed 83072K, reserved 1179648K
  class space    used 8524K, committed 9024K, reserved 1048576K
}

